[ 2015-11-04T15:21:59+08:00 ] ::1 /tushuguan/index.php/Home/index/getHtml
INFO: [ app_init ] --START--
INFO: Run Behavior\BuildLiteBehavior [ RunTime:0.000054s ]
INFO: [ app_init ] --END-- [ RunTime:0.000976s ]

[ 2015-11-04T15:22:49+08:00 ] ::1 /tushuguan/index.php/Home/index/
INFO: [ app_init ] --START--
INFO: Run Behavior\BuildLiteBehavior [ RunTime:0.000088s ]
INFO: [ app_init ] --END-- [ RunTime:0.001217s ]

[ 2015-11-04T15:22:53+08:00 ] ::1 /tushuguan/index.php/Home/index/index
INFO: [ app_init ] --START--
INFO: Run Behavior\BuildLiteBehavior [ RunTime:0.000152s ]
INFO: [ app_init ] --END-- [ RunTime:0.001549s ]

[ 2015-11-04T15:23:02+08:00 ] ::1 /tushuguan/index.php/Home/index/getHtml
INFO: [ app_init ] --START--
INFO: Run Behavior\BuildLiteBehavior [ RunTime:0.000053s ]
INFO: [ app_init ] --END-- [ RunTime:0.001112s ]

[ 2015-11-04T15:23:14+08:00 ] ::1 /tushuguan/index.php/Home/index/getPage
INFO: [ app_init ] --START--
INFO: Run Behavior\BuildLiteBehavior [ RunTime:0.000051s ]
INFO: [ app_init ] --END-- [ RunTime:0.000839s ]

[ 2015-11-04T15:23:16+08:00 ] ::1 /tushuguan/index.php/Home/index/getPage
INFO: [ app_init ] --START--
INFO: Run Behavior\BuildLiteBehavior [ RunTime:0.000053s ]
INFO: [ app_init ] --END-- [ RunTime:0.000937s ]

[ 2015-11-04T15:23:45+08:00 ] ::1 /tushuguan/index.php/Home/index/getPage
INFO: [ app_init ] --START--
INFO: Run Behavior\BuildLiteBehavior [ RunTime:0.000055s ]
INFO: [ app_init ] --END-- [ RunTime:0.000951s ]

[ 2015-11-04T15:23:59+08:00 ] ::1 /tushuguan/index.php/Home/index/getPage
INFO: [ app_init ] --START--
INFO: Run Behavior\BuildLiteBehavior [ RunTime:0.000053s ]
INFO: [ app_init ] --END-- [ RunTime:0.000942s ]
ERR: Think\Controller:dispaly方法不存在！

[ 2015-11-04T15:24:06+08:00 ] ::1 /tushuguan/index.php/Home/index/getPage
INFO: [ app_init ] --START--
INFO: Run Behavior\BuildLiteBehavior [ RunTime:0.000052s ]
INFO: [ app_init ] --END-- [ RunTime:0.000857s ]
ERR: 模板不存在:./Application/Home/View/Index/getPage.html

[ 2015-11-04T15:24:27+08:00 ] ::1 /tushuguan/index.php/Home/index/getPage
INFO: [ app_init ] --START--
INFO: Run Behavior\BuildLiteBehavior [ RunTime:0.000053s ]
INFO: [ app_init ] --END-- [ RunTime:0.001139s ]
ERR: 模板不存在:./Application/Home/View/Index/getPage.html

[ 2015-11-04T15:24:28+08:00 ] ::1 /tushuguan/index.php/Home/index/getPage
INFO: [ app_init ] --START--
INFO: Run Behavior\BuildLiteBehavior [ RunTime:0.000051s ]
INFO: [ app_init ] --END-- [ RunTime:0.000933s ]
ERR: 模板不存在:./Application/Home/View/Index/getPage.html

[ 2015-11-04T15:24:29+08:00 ] ::1 /tushuguan/index.php/Home/index/getPage
INFO: [ app_init ] --START--
INFO: Run Behavior\BuildLiteBehavior [ RunTime:0.000082s ]
INFO: [ app_init ] --END-- [ RunTime:0.001109s ]
ERR: 模板不存在:./Application/Home/View/Index/getPage.html

[ 2015-11-04T15:24:42+08:00 ] ::1 /tushuguan/index.php/Home/index/getPage
INFO: [ app_init ] --START--
INFO: Run Behavior\BuildLiteBehavior [ RunTime:0.000052s ]
INFO: [ app_init ] --END-- [ RunTime:0.000950s ]
ERR: 模板不存在:./Application/Home/View/Index/getPage.html

[ 2015-11-04T15:24:43+08:00 ] ::1 /tushuguan/index.php/Home/index/getPage
INFO: [ app_init ] --START--
INFO: Run Behavior\BuildLiteBehavior [ RunTime:0.000053s ]
INFO: [ app_init ] --END-- [ RunTime:0.001069s ]
ERR: 模板不存在:./Application/Home/View/Index/getPage.html

[ 2015-11-04T15:24:44+08:00 ] ::1 /tushuguan/index.php/Home/index/getPage
INFO: [ app_init ] --START--
INFO: Run Behavior\BuildLiteBehavior [ RunTime:0.000052s ]
INFO: [ app_init ] --END-- [ RunTime:0.000860s ]
ERR: 模板不存在:./Application/Home/View/Index/getPage.html

[ 2015-11-04T15:24:45+08:00 ] ::1 /tushuguan/index.php/Home/index/
INFO: [ app_init ] --START--
INFO: Run Behavior\BuildLiteBehavior [ RunTime:0.000088s ]
INFO: [ app_init ] --END-- [ RunTime:0.001262s ]
ERR: 非法操作:index

[ 2015-11-04T15:24:58+08:00 ] ::1 /tushuguan/index.php/Home/index/getPage
INFO: [ app_init ] --START--
INFO: Run Behavior\BuildLiteBehavior [ RunTime:0.000051s ]
INFO: [ app_init ] --END-- [ RunTime:0.000844s ]
ERR: 模板不存在:./Application/Home/View/Index/getPage.html

[ 2015-11-04T15:25:40+08:00 ] ::1 /tushuguan/index.php/Home/index/getPage
INFO: [ app_init ] --START--
INFO: Run Behavior\BuildLiteBehavior [ RunTime:0.000133s ]
INFO: [ app_init ] --END-- [ RunTime:0.001052s ]

[ 2015-11-04T15:25:45+08:00 ] ::1 /tushuguan/index.php/Home/index/getPage
INFO: [ app_init ] --START--
INFO: Run Behavior\BuildLiteBehavior [ RunTime:0.000054s ]
INFO: [ app_init ] --END-- [ RunTime:0.000962s ]

[ 2015-11-04T15:25:46+08:00 ] ::1 /tushuguan/index.php/Home/index/getPage
INFO: [ app_init ] --START--
INFO: Run Behavior\BuildLiteBehavior [ RunTime:0.000053s ]
INFO: [ app_init ] --END-- [ RunTime:0.000991s ]

[ 2015-11-04T15:25:46+08:00 ] ::1 /tushuguan/index.php/Home/index/getPage
INFO: [ app_init ] --START--
INFO: Run Behavior\BuildLiteBehavior [ RunTime:0.000098s ]
INFO: [ app_init ] --END-- [ RunTime:0.001467s ]

[ 2015-11-04T15:25:47+08:00 ] ::1 /tushuguan/index.php/Home/index/getPage
INFO: [ app_init ] --START--
INFO: Run Behavior\BuildLiteBehavior [ RunTime:0.000052s ]
INFO: [ app_init ] --END-- [ RunTime:0.000845s ]

[ 2015-11-04T15:25:48+08:00 ] ::1 /tushuguan/index.php/Home/index/getPage
INFO: [ app_init ] --START--
INFO: Run Behavior\BuildLiteBehavior [ RunTime:0.000081s ]
INFO: [ app_init ] --END-- [ RunTime:0.001637s ]

[ 2015-11-04T15:25:48+08:00 ] ::1 /tushuguan/index.php/Home/index/getPage
INFO: [ app_init ] --START--
INFO: Run Behavior\BuildLiteBehavior [ RunTime:0.000052s ]
INFO: [ app_init ] --END-- [ RunTime:0.000904s ]

[ 2015-11-04T15:25:49+08:00 ] ::1 /tushuguan/index.php/Home/index/getPage
INFO: [ app_init ] --START--
INFO: Run Behavior\BuildLiteBehavior [ RunTime:0.000051s ]
INFO: [ app_init ] --END-- [ RunTime:0.001051s ]

[ 2015-11-04T15:25:50+08:00 ] ::1 /tushuguan/index.php/Home/index/getPage
INFO: [ app_init ] --START--
INFO: Run Behavior\BuildLiteBehavior [ RunTime:0.000051s ]
INFO: [ app_init ] --END-- [ RunTime:0.001036s ]

[ 2015-11-04T15:25:50+08:00 ] ::1 /tushuguan/index.php/Home/index/getPage
INFO: [ app_init ] --START--
INFO: Run Behavior\BuildLiteBehavior [ RunTime:0.000081s ]
INFO: [ app_init ] --END-- [ RunTime:0.001365s ]

[ 2015-11-04T15:25:58+08:00 ] ::1 /tushuguan/index.php/Home/index/getPage
INFO: [ app_init ] --START--
INFO: Run Behavior\BuildLiteBehavior [ RunTime:0.000050s ]
INFO: [ app_init ] --END-- [ RunTime:0.000820s ]

[ 2015-11-04T15:25:59+08:00 ] ::1 /tushuguan/index.php/Home/index/getPage
INFO: [ app_init ] --START--
INFO: Run Behavior\BuildLiteBehavior [ RunTime:0.000049s ]
INFO: [ app_init ] --END-- [ RunTime:0.000884s ]

[ 2015-11-04T15:25:59+08:00 ] ::1 /tushuguan/index.php/Home/index/getPage
INFO: [ app_init ] --START--
INFO: Run Behavior\BuildLiteBehavior [ RunTime:0.000087s ]
INFO: [ app_init ] --END-- [ RunTime:0.001252s ]

[ 2015-11-04T15:26:04+08:00 ] ::1 /tushuguan/index.php/Home/index/getPage
INFO: [ app_init ] --START--
INFO: Run Behavior\BuildLiteBehavior [ RunTime:0.000053s ]
INFO: [ app_init ] --END-- [ RunTime:0.001018s ]

[ 2015-11-04T15:26:04+08:00 ] ::1 /tushuguan/index.php/Home/index/getPage
INFO: [ app_init ] --START--
INFO: Run Behavior\BuildLiteBehavior [ RunTime:0.000081s ]
INFO: [ app_init ] --END-- [ RunTime:0.001020s ]

[ 2015-11-04T15:26:04+08:00 ] ::1 /tushuguan/index.php/Home/index/getPage
INFO: [ app_init ] --START--
INFO: Run Behavior\BuildLiteBehavior [ RunTime:0.000053s ]
INFO: [ app_init ] --END-- [ RunTime:0.000942s ]

[ 2015-11-04T15:26:19+08:00 ] ::1 /tushuguan/index.php/Home/index/getPage
INFO: [ app_init ] --START--
INFO: Run Behavior\BuildLiteBehavior [ RunTime:0.000054s ]
INFO: [ app_init ] --END-- [ RunTime:0.000869s ]

[ 2015-11-04T15:26:33+08:00 ] ::1 /tushuguan/index.php/Home/index/getPage
INFO: [ app_init ] --START--
INFO: Run Behavior\BuildLiteBehavior [ RunTime:0.000053s ]
INFO: [ app_init ] --END-- [ RunTime:0.000964s ]

[ 2015-11-04T15:26:33+08:00 ] ::1 /tushuguan/index.php/Home/index/getPage
INFO: [ app_init ] --START--
INFO: Run Behavior\BuildLiteBehavior [ RunTime:0.000053s ]
INFO: [ app_init ] --END-- [ RunTime:0.001021s ]

[ 2015-11-04T15:26:34+08:00 ] ::1 /tushuguan/index.php/Home/index/getPage
INFO: [ app_init ] --START--
INFO: Run Behavior\BuildLiteBehavior [ RunTime:0.000051s ]
INFO: [ app_init ] --END-- [ RunTime:0.000850s ]

[ 2015-11-04T15:26:43+08:00 ] ::1 /tushuguan/index.php/Home/index/getPage
INFO: [ app_init ] --START--
INFO: Run Behavior\BuildLiteBehavior [ RunTime:0.000052s ]
INFO: [ app_init ] --END-- [ RunTime:0.000953s ]

[ 2015-11-04T15:27:40+08:00 ] ::1 /tushuguan/index.php/Home/index/getPage
INFO: [ app_init ] --START--
INFO: Run Behavior\BuildLiteBehavior [ RunTime:0.000053s ]
INFO: [ app_init ] --END-- [ RunTime:0.000846s ]

[ 2015-11-04T15:30:31+08:00 ] ::1 /tushuguan/index.php/Home/index/getPage
INFO: [ app_init ] --START--
INFO: Run Behavior\BuildLiteBehavior [ RunTime:0.000055s ]
INFO: [ app_init ] --END-- [ RunTime:0.001018s ]

[ 2015-11-04T15:30:32+08:00 ] ::1 /tushuguan/index.php/Home/index/getPage
INFO: [ app_init ] --START--
INFO: Run Behavior\BuildLiteBehavior [ RunTime:0.000051s ]
INFO: [ app_init ] --END-- [ RunTime:0.000999s ]

[ 2015-11-04T15:30:33+08:00 ] ::1 /tushuguan/index.php/Home/index/getPage
INFO: [ app_init ] --START--
INFO: Run Behavior\BuildLiteBehavior [ RunTime:0.000052s ]
INFO: [ app_init ] --END-- [ RunTime:0.000955s ]

[ 2015-11-04T15:30:33+08:00 ] ::1 /tushuguan/index.php/Home/index/getPage
INFO: [ app_init ] --START--
INFO: Run Behavior\BuildLiteBehavior [ RunTime:0.000052s ]
INFO: [ app_init ] --END-- [ RunTime:0.000944s ]

[ 2015-11-04T15:30:33+08:00 ] ::1 /tushuguan/index.php/Home/index/getPage
INFO: [ app_init ] --START--
INFO: Run Behavior\BuildLiteBehavior [ RunTime:0.000111s ]
INFO: [ app_init ] --END-- [ RunTime:0.001844s ]

[ 2015-11-04T15:30:34+08:00 ] ::1 /tushuguan/index.php/Home/index/getPage
INFO: [ app_init ] --START--
INFO: Run Behavior\BuildLiteBehavior [ RunTime:0.000076s ]
INFO: [ app_init ] --END-- [ RunTime:0.001060s ]

[ 2015-11-04T15:30:34+08:00 ] ::1 /tushuguan/index.php/Home/index/getPage
INFO: [ app_init ] --START--
INFO: Run Behavior\BuildLiteBehavior [ RunTime:0.000050s ]
INFO: [ app_init ] --END-- [ RunTime:0.000959s ]

[ 2015-11-04T15:30:35+08:00 ] ::1 /tushuguan/index.php/Home/index/getPage
INFO: [ app_init ] --START--
INFO: Run Behavior\BuildLiteBehavior [ RunTime:0.000066s ]
INFO: [ app_init ] --END-- [ RunTime:0.001065s ]

[ 2015-11-04T15:30:35+08:00 ] ::1 /tushuguan/index.php/Home/index/getPage
INFO: [ app_init ] --START--
INFO: Run Behavior\BuildLiteBehavior [ RunTime:0.000051s ]
INFO: [ app_init ] --END-- [ RunTime:0.000845s ]

[ 2015-11-04T15:30:35+08:00 ] ::1 /tushuguan/index.php/Home/index/getPage
INFO: [ app_init ] --START--
INFO: Run Behavior\BuildLiteBehavior [ RunTime:0.000062s ]
INFO: [ app_init ] --END-- [ RunTime:0.000947s ]

[ 2015-11-04T15:30:46+08:00 ] ::1 /tushuguan/index.php/Home/index/getPage
INFO: [ app_init ] --START--
INFO: Run Behavior\BuildLiteBehavior [ RunTime:0.000050s ]
INFO: [ app_init ] --END-- [ RunTime:0.000860s ]

[ 2015-11-04T15:30:46+08:00 ] ::1 /tushuguan/index.php/Home/index/getPage
INFO: [ app_init ] --START--
INFO: Run Behavior\BuildLiteBehavior [ RunTime:0.000050s ]
INFO: [ app_init ] --END-- [ RunTime:0.000834s ]

